<html>
<head>
<title>TestNG:  Default test</title>
<link href="../testng.css" rel="stylesheet" type="text/css" />
<link href="../my-testng.css" rel="stylesheet" type="text/css" />

<style type="text/css">
.log { display: none;} 
.stack-trace { display: none;} 
</style>
<script type="text/javascript">
<!--
function flip(e) {
  current = e.style.display;
  if (current == 'block') {
    e.style.display = 'none';
    return 0;
  }
  else {
    e.style.display = 'block';
    return 1;
  }
}

function toggleBox(szDivId, elem, msg1, msg2)
{
  var res = -1;  if (document.getElementById) {
    res = flip(document.getElementById(szDivId));
  }
  else if (document.all) {
    // this is the way old msie versions work
    res = flip(document.all[szDivId]);
  }
  if(elem) {
    if(res == 0) elem.innerHTML = msg1; else elem.innerHTML = msg2;
  }

}

function toggleAllBoxes() {
  if (document.getElementsByTagName) {
    d = document.getElementsByTagName('div');
    for (i = 0; i < d.length; i++) {
      if (d[i].className == 'log') {
        flip(d[i]);
      }
    }
  }
}

// -->
</script>

</head>
<body>
<h2 align='center'>Default test</h2><table border='1' align="center">
<tr>
<td>Tests passed/Failed/Skipped:</td><td>5/2/0</td>
</tr><tr>
<td>Started on:</td><td>Wed May 06 09:41:00 ART 2015</td>
</tr>
<tr><td>Total time:</td><td>231 seconds (231343 ms)</td>
</tr><tr>
<td>Included groups:</td><td></td>
</tr><tr>
<td>Excluded groups:</td><td></td>
</tr>
</table><p/>
<small><i>(Hover the method name to see the test class name)</i></small><p/>
<table width='100%' border='1' class='invocation-failed'>
<tr><td colspan='4' align='center'><b>FAILED TESTS</b></td></tr>
<tr><td><b>Test method</b></td>
<td width="30%"><b>Exception</b></td>
<td width="10%"><b>Time (seconds)</b></td>
<td><b>Instance</b></td>
</tr>
<tr>
<td title='federico_bechini.training.globant.com.tests.Tests.daylePostVerification()'><b>daylePostVerification</b><br>Test class: federico_bechini.training.globant.com.tests.Tests<br>Test method: Test: Determinar si hay publicaciones diarias.<br/>
<a href="#Output-603305436" onClick='toggleBox("Output-603305436", this, "Show output", "Hide output");'>Show output</a>

<a href="#Output-603305436" onClick="toggleAllBoxes();">Show all outputs</a>
<div class='log' id="Output-603305436">
<br>Entrado a mejorenvo.com<br/>
<br>Buscando fechas...<br/>
<br>Cantidad Items20<br/>
</div>
</td>
<td><div><pre>java.lang.AssertionError: ERROR: No contiene la fecha del dia de hoy. No Actualiza Periodicamente expected [false] but found [true]
	at org.testng.Assert.fail(Assert.java:94)
	at org.testng.Assert.failNotEquals(Assert.java:494)
	at org.testng.Assert.assertFalse(Assert.java:63)
	at federico_bechini.training.globant.com.tests.Tests.daylePostVerification(Tests.java:343)
	at sun.reflect.NativeMethodAccessorImpl.invoke0(Native Method)
	at sun.reflect.NativeMethodAccessorImpl.invoke(Unknown Source)
	at sun.reflect.DelegatingMethodAccessorImpl.invoke(Unknown Source)
	at java.lang.reflect.Method.invoke(Unknown Source)
	at org.testng.internal.MethodInvocationHelper.invokeMethod(MethodInvocationHelper.java:84)
	at org.testng.internal.Invoker.invokeMethod(Invoker.java:714)
	at org.testng.internal.Invoker.invokeTestMethod(Invoker.java:901)
	at org.testng.internal.Invoker.invokeTestMethods(Invoker.java:1231)
	at org.testng.internal.TestMethodWorker.invokeTestMethods(TestMethodWorker.java:127)
	at org.testng.internal.TestMethodWorker.run(TestMethodWorker.java:111)
	at org.testng.TestRunner.privateRun(TestRunner.java:767)
	at org.testng.TestRunner.run(TestRunner.java:617)
	at org.testng.SuiteRunner.runTest(SuiteRunner.java:334)
	at org.testng.SuiteRunner.runSequentially(SuiteRunner.java:329)
	at org.testng.SuiteRunner.privateRun(SuiteRunner.java:291)
	at org.testng.SuiteRunner.run(SuiteRunner.java:240)
	at org.testng.SuiteRunnerWorker.runSuite(SuiteRunnerWorker.java:52)
	at org.testng.SuiteRunnerWorker.run(SuiteRunnerWorker.java:86)
	at org.testng.TestNG.runSuitesSequentially(TestNG.java:1224)
	at org.testng.TestNG.runSuitesLocally(TestNG.java:1149)
	at org.testng.TestNG.run(TestNG.java:1057)
	at org.testng.remote.RemoteTestNG.run(RemoteTestNG.java:111)
	at org.testng.remote.RemoteTestNG.initAndRun(RemoteTestNG.java:204)
	at org.testng.remote.RemoteTestNG.main(RemoteTestNG.java:175)
</pre></div><a href='#' onClick='toggleBox("stack-trace603305436", this, "Click to show all stack frames", "Click to hide stack frames")'>Click to show all stack frames</a>
<div class='stack-trace' id='stack-trace603305436'><pre>java.lang.AssertionError: ERROR: No contiene la fecha del dia de hoy. No Actualiza Periodicamente expected [false] but found [true]
	at org.testng.Assert.fail(Assert.java:94)
	at org.testng.Assert.failNotEquals(Assert.java:494)
	at org.testng.Assert.assertFalse(Assert.java:63)
	at federico_bechini.training.globant.com.tests.Tests.daylePostVerification(Tests.java:343)
	at sun.reflect.NativeMethodAccessorImpl.invoke0(Native Method)
	at sun.reflect.NativeMethodAccessorImpl.invoke(Unknown Source)
	at sun.reflect.DelegatingMethodAccessorImpl.invoke(Unknown Source)
	at java.lang.reflect.Method.invoke(Unknown Source)
	at org.testng.internal.MethodInvocationHelper.invokeMethod(MethodInvocationHelper.java:84)
	at org.testng.internal.Invoker.invokeMethod(Invoker.java:714)
	at org.testng.internal.Invoker.invokeTestMethod(Invoker.java:901)
	at org.testng.internal.Invoker.invokeTestMethods(Invoker.java:1231)
	at org.testng.internal.TestMethodWorker.invokeTestMethods(TestMethodWorker.java:127)
	at org.testng.internal.TestMethodWorker.run(TestMethodWorker.java:111)
	at org.testng.TestRunner.privateRun(TestRunner.java:767)
	at org.testng.TestRunner.run(TestRunner.java:617)
	at org.testng.SuiteRunner.runTest(SuiteRunner.java:334)
	at org.testng.SuiteRunner.runSequentially(SuiteRunner.java:329)
	at org.testng.SuiteRunner.privateRun(SuiteRunner.java:291)
	at org.testng.SuiteRunner.run(SuiteRunner.java:240)
	at org.testng.SuiteRunnerWorker.runSuite(SuiteRunnerWorker.java:52)
	at org.testng.SuiteRunnerWorker.run(SuiteRunnerWorker.java:86)
	at org.testng.TestNG.runSuitesSequentially(TestNG.java:1224)
	at org.testng.TestNG.runSuitesLocally(TestNG.java:1149)
	at org.testng.TestNG.run(TestNG.java:1057)
	at org.testng.remote.RemoteTestNG.run(RemoteTestNG.java:111)
	at org.testng.remote.RemoteTestNG.initAndRun(RemoteTestNG.java:204)
	at org.testng.remote.RemoteTestNG.main(RemoteTestNG.java:175)
</pre></div></td>
<td>10</td>
<td>federico_bechini.training.globant.com.tests.Tests@ea4a92b</td></tr>
<tr>
<td title='federico_bechini.training.globant.com.tests.Tests.registrationAccepted()'><b>registrationAccepted</b><br>Test class: federico_bechini.training.globant.com.tests.Tests<br>Test method: Test: Validar formulario registracion fue valido.<br/>
<a href="#Output-1236444285" onClick='toggleBox("Output-1236444285", this, "Show output", "Hide output");'>Show output</a>

<a href="#Output-1236444285" onClick="toggleAllBoxes();">Show all outputs</a>
<div class='log' id="Output-1236444285">
<br>Entrado a mejorenvo.com<br/>
<br>Entrado a la primera pelicula del home.<br/>
<br>Entrado a la seccion resgistrar.<br/>
<br>Completando datos del formulario.<br/>
<br>Enviando el formulario para verificar la creacion de la cuenta.<br/>
<br>Buscando el texto que nos informa que todo salio bien.<br/>
</div>
</td>
<td><div><pre>org.openqa.selenium.UnhandledAlertException: Unexpected modal dialog (text: Ingrese un Teléfono Móvil válido (característica sin 0 y número sin 15).
): Ingrese un Teléfono Móvil válido (característica sin 0 y número sin 15).

Build info: version: &apos;2.45.0&apos;, revision: &apos;5017cb8e7ca8e37638dc3091b2440b90a1d8686f&apos;, time: &apos;2015-02-27 09:10:26&apos;
System info: host: &apos;Federico-CX-PC&apos;, ip: &apos;192.168.91.1&apos;, os.name: &apos;Windows 8.1&apos;, os.arch: &apos;amd64&apos;, os.version: &apos;6.3&apos;, java.version: &apos;1.8.0_45&apos;
Driver info: org.openqa.selenium.firefox.FirefoxDriver
Capabilities [{applicationCacheEnabled=true, rotatable=false, handlesAlerts=true, databaseEnabled=true, version=37.0.2, platform=WINDOWS, nativeEvents=false, acceptSslCerts=true, webStorageEnabled=true, locationContextEnabled=true, browserName=firefox, takesScreenshot=true, javascriptEnabled=true, cssSelectorsEnabled=true}]
Session ID: 3b55b844-8044-486f-8f0c-759072493a3f
*** Element info: {Using=tag name, value=body}
	at sun.reflect.NativeConstructorAccessorImpl.newInstance0(Native Method)
	at sun.reflect.NativeConstructorAccessorImpl.newInstance(Unknown Source)
	at sun.reflect.DelegatingConstructorAccessorImpl.newInstance(Unknown Source)
	at java.lang.reflect.Constructor.newInstance(Unknown Source)
	at org.openqa.selenium.remote.ErrorHandler.createThrowable(ErrorHandler.java:204)
	at org.openqa.selenium.remote.ErrorHandler.createUnhandledAlertException(ErrorHandler.java:185)
	at org.openqa.selenium.remote.ErrorHandler.throwIfResponseFailed(ErrorHandler.java:152)
	at org.openqa.selenium.remote.RemoteWebDriver.execute(RemoteWebDriver.java:599)
	at org.openqa.selenium.remote.RemoteWebDriver.findElement(RemoteWebDriver.java:352)
	at org.openqa.selenium.remote.RemoteWebDriver.findElementByTagName(RemoteWebDriver.java:417)
	at org.openqa.selenium.By$ByTagName.findElement(By.java:330)
	at org.openqa.selenium.remote.RemoteWebDriver.findElement(RemoteWebDriver.java:344)
	at federico_bechini.training.globant.com.tests.Tests.registrationAccepted(Tests.java:198)
	at sun.reflect.NativeMethodAccessorImpl.invoke0(Native Method)
	at sun.reflect.NativeMethodAccessorImpl.invoke(Unknown Source)
	at sun.reflect.DelegatingMethodAccessorImpl.invoke(Unknown Source)
	at java.lang.reflect.Method.invoke(Unknown Source)
	at org.testng.internal.MethodInvocationHelper.invokeMethod(MethodInvocationHelper.java:84)
	at org.testng.internal.Invoker.invokeMethod(Invoker.java:714)
	at org.testng.internal.Invoker.invokeTestMethod(Invoker.java:901)
	at org.testng.internal.Invoker.invokeTestMethods(Invoker.java:1231)
	at org.testng.internal.TestMethodWorker.invokeTestMethods(TestMethodWorker.java:127)
	at org.testng.internal.TestMethodWorker.run(TestMethodWorker.java:111)
	at org.testng.TestRunner.privateRun(TestRunner.java:767)
	at org.testng.TestRunner.run(TestRunner.java:617)
	at org.testng.SuiteRunner.runTest(SuiteRunner.java:334)
	at org.testng.SuiteRunner.runSequentially(SuiteRunner.java:329)
	at org.testng.SuiteRunner.privateRun(SuiteRunner.java:291)
	at org.testng.SuiteRunner.run(SuiteRunner.java:240)
	at org.testng.SuiteRunnerWorker.runSuite(SuiteRunnerWorker.java:52)
	at org.testng.SuiteRunnerWorker.run(SuiteRunnerWorker.java:86)
	at org.testng.TestNG.runSuitesSequentially(TestNG.java:1224)
	at org.testng.TestNG.runSuitesLocally(TestNG.java:1149)
	at org.testng.TestNG.run(TestNG.java:1057)
	at org.testng.remote.RemoteTestNG.run(RemoteTestNG.java:111)
	at org.testng.remote.RemoteTestNG.initAndRun(RemoteTestNG.java:204)
	at org.testng.remote.RemoteTestNG.main(RemoteTestNG.java:175)
</pre></div><a href='#' onClick='toggleBox("stack-trace1236444285", this, "Click to show all stack frames", "Click to hide stack frames")'>Click to show all stack frames</a>
<div class='stack-trace' id='stack-trace1236444285'><pre>org.openqa.selenium.UnhandledAlertException: Unexpected modal dialog (text: Ingrese un Teléfono Móvil válido (característica sin 0 y número sin 15).
): Ingrese un Teléfono Móvil válido (característica sin 0 y número sin 15).

Build info: version: &apos;2.45.0&apos;, revision: &apos;5017cb8e7ca8e37638dc3091b2440b90a1d8686f&apos;, time: &apos;2015-02-27 09:10:26&apos;
System info: host: &apos;Federico-CX-PC&apos;, ip: &apos;192.168.91.1&apos;, os.name: &apos;Windows 8.1&apos;, os.arch: &apos;amd64&apos;, os.version: &apos;6.3&apos;, java.version: &apos;1.8.0_45&apos;
Driver info: org.openqa.selenium.firefox.FirefoxDriver
Capabilities [{applicationCacheEnabled=true, rotatable=false, handlesAlerts=true, databaseEnabled=true, version=37.0.2, platform=WINDOWS, nativeEvents=false, acceptSslCerts=true, webStorageEnabled=true, locationContextEnabled=true, browserName=firefox, takesScreenshot=true, javascriptEnabled=true, cssSelectorsEnabled=true}]
Session ID: 3b55b844-8044-486f-8f0c-759072493a3f
*** Element info: {Using=tag name, value=body}
	at sun.reflect.NativeConstructorAccessorImpl.newInstance0(Native Method)
	at sun.reflect.NativeConstructorAccessorImpl.newInstance(Unknown Source)
	at sun.reflect.DelegatingConstructorAccessorImpl.newInstance(Unknown Source)
	at java.lang.reflect.Constructor.newInstance(Unknown Source)
	at org.openqa.selenium.remote.ErrorHandler.createThrowable(ErrorHandler.java:204)
	at org.openqa.selenium.remote.ErrorHandler.createUnhandledAlertException(ErrorHandler.java:185)
	at org.openqa.selenium.remote.ErrorHandler.throwIfResponseFailed(ErrorHandler.java:152)
	at org.openqa.selenium.remote.RemoteWebDriver.execute(RemoteWebDriver.java:599)
	at org.openqa.selenium.remote.RemoteWebDriver.findElement(RemoteWebDriver.java:352)
	at org.openqa.selenium.remote.RemoteWebDriver.findElementByTagName(RemoteWebDriver.java:417)
	at org.openqa.selenium.By$ByTagName.findElement(By.java:330)
	at org.openqa.selenium.remote.RemoteWebDriver.findElement(RemoteWebDriver.java:344)
	at federico_bechini.training.globant.com.tests.Tests.registrationAccepted(Tests.java:198)
	at sun.reflect.NativeMethodAccessorImpl.invoke0(Native Method)
	at sun.reflect.NativeMethodAccessorImpl.invoke(Unknown Source)
	at sun.reflect.DelegatingMethodAccessorImpl.invoke(Unknown Source)
	at java.lang.reflect.Method.invoke(Unknown Source)
	at org.testng.internal.MethodInvocationHelper.invokeMethod(MethodInvocationHelper.java:84)
	at org.testng.internal.Invoker.invokeMethod(Invoker.java:714)
	at org.testng.internal.Invoker.invokeTestMethod(Invoker.java:901)
	at org.testng.internal.Invoker.invokeTestMethods(Invoker.java:1231)
	at org.testng.internal.TestMethodWorker.invokeTestMethods(TestMethodWorker.java:127)
	at org.testng.internal.TestMethodWorker.run(TestMethodWorker.java:111)
	at org.testng.TestRunner.privateRun(TestRunner.java:767)
	at org.testng.TestRunner.run(TestRunner.java:617)
	at org.testng.SuiteRunner.runTest(SuiteRunner.java:334)
	at org.testng.SuiteRunner.runSequentially(SuiteRunner.java:329)
	at org.testng.SuiteRunner.privateRun(SuiteRunner.java:291)
	at org.testng.SuiteRunner.run(SuiteRunner.java:240)
	at org.testng.SuiteRunnerWorker.runSuite(SuiteRunnerWorker.java:52)
	at org.testng.SuiteRunnerWorker.run(SuiteRunnerWorker.java:86)
	at org.testng.TestNG.runSuitesSequentially(TestNG.java:1224)
	at org.testng.TestNG.runSuitesLocally(TestNG.java:1149)
	at org.testng.TestNG.run(TestNG.java:1057)
	at org.testng.remote.RemoteTestNG.run(RemoteTestNG.java:111)
	at org.testng.remote.RemoteTestNG.initAndRun(RemoteTestNG.java:204)
	at org.testng.remote.RemoteTestNG.main(RemoteTestNG.java:175)
</pre></div></td>
<td>59</td>
<td>federico_bechini.training.globant.com.tests.Tests@ea4a92b</td></tr>
</table><p>
<table width='100%' border='1' class='invocation-passed'>
<tr><td colspan='4' align='center'><b>PASSED TESTS</b></td></tr>
<tr><td><b>Test method</b></td>
<td width="30%"><b>Exception</b></td>
<td width="10%"><b>Time (seconds)</b></td>
<td><b>Instance</b></td>
</tr>
<tr>
<td title='federico_bechini.training.globant.com.tests.Tests.counterComments()'><b>counterComments</b><br>Test class: federico_bechini.training.globant.com.tests.Tests<br>Test method: Test: Contar cantidad de post en la primera serie del home.<br/>
<a href="#Output-1471948789" onClick='toggleBox("Output-1471948789", this, "Show output", "Hide output");'>Show output</a>

<a href="#Output-1471948789" onClick="toggleAllBoxes();">Show all outputs</a>
<div class='log' id="Output-1471948789">
<br>Entrado a mejorenvo.com<br/>
<br>Entrado a la primera serie de television del home.<br/>
<br>Empezando a contar...<br/>
<br>La cantidad de comentarios son: 25.<br/>
</div>
</td>
<td></td>
<td>30</td>
<td>federico_bechini.training.globant.com.tests.Tests@ea4a92b</td></tr>
<tr>
<td title='federico_bechini.training.globant.com.tests.Tests.moviesByDate()'><b>moviesByDate</b><br>Test class: federico_bechini.training.globant.com.tests.Tests<br>Test method: Test: Verificar que peliculas estan ordenadas por fecha decreciente.<br/>
<a href="#Output-940857381" onClick='toggleBox("Output-940857381", this, "Show output", "Hide output");'>Show output</a>

<a href="#Output-940857381" onClick="toggleAllBoxes();">Show all outputs</a>
<div class='log' id="Output-940857381">
<br>Entrado a mejorenvo.com<br/>
<br>Buscando fechas...<br/>
<br>Tamaño items peliculas -->10<br/>
<br>Verificando orden...<br/>
</div>
</td>
<td></td>
<td>13</td>
<td>federico_bechini.training.globant.com.tests.Tests@ea4a92b</td></tr>
<tr>
<td title='federico_bechini.training.globant.com.tests.Tests.registrationFailed()'><b>registrationFailed</b><br>Test class: federico_bechini.training.globant.com.tests.Tests<br>Test method: Test: Validar formularion registracion no fue valido<br/>
<a href="#Output-871790326" onClick='toggleBox("Output-871790326", this, "Show output", "Hide output");'>Show output</a>

<a href="#Output-871790326" onClick="toggleAllBoxes();">Show all outputs</a>
<div class='log' id="Output-871790326">
<br>Entrado a mejorenvo.com<br/>
<br>Entrado a la primera pelicula del home.<br/>
<br>Entrado a la seccion resgistrar.<br/>
<br>Completando solo un campo del formulario.<br/>
<br>Enviando el formulario para verificar la creacion de la cuenta.<br/>
<br>Alert was present<br/>
<br>ALERT:La contraseña no puede ser vacia.
El nombre no puede ser vacio.
El apellido no puede ser vacio.
Elija un país.
<br/>
</div>
</td>
<td></td>
<td>51</td>
<td>federico_bechini.training.globant.com.tests.Tests@ea4a92b</td></tr>
<tr>
<td title='federico_bechini.training.globant.com.tests.Tests.searchResults()'><b>searchResults</b><br>Test class: federico_bechini.training.globant.com.tests.Tests<br>Test method: Mostrar la cantidad de resultados por consola (con 3 o mas letras)<br/>
<a href="#Output-331122245" onClick='toggleBox("Output-331122245", this, "Show output", "Hide output");'>Show output</a>

<a href="#Output-331122245" onClick="toggleAllBoxes();">Show all outputs</a>
<div class='log' id="Output-331122245">
<br>Entrado a mejorenvo.com<br/>
<br>Buscando una palabra en el buscador.<br/>
<br>Buscando cantidad resultados.<br/>
<br>La Cantidad de Resultados encontrados: 4<br/>
</div>
</td>
<td></td>
<td>12</td>
<td>federico_bechini.training.globant.com.tests.Tests@ea4a92b</td></tr>
<tr>
<td title='federico_bechini.training.globant.com.tests.Tests.validatePage()'><b>validatePage</b><br>Test class: federico_bechini.training.globant.com.tests.Tests<br>Test method: Valida que la pagina sea la esperada en base a su titulo.<br/>
<a href="#Output-1620823990" onClick='toggleBox("Output-1620823990", this, "Show output", "Hide output");'>Show output</a>

<a href="#Output-1620823990" onClick="toggleAllBoxes();">Show all outputs</a>
<div class='log' id="Output-1620823990">
<br>Entrado a mejorenvo.com<br/>
<br>Validando pagina por su titulo ...<br/>
</div>
</td>
<td></td>
<td>7</td>
<td>federico_bechini.training.globant.com.tests.Tests@ea4a92b</td></tr>
</table><p>
</body>
</html>